{"/Users/shabazbadshah/Documents/school/university/year-4/csc493-implementing-enterprise-design-patterns/valorant-src/app/index.js": {"path":"/Users/shabazbadshah/Documents/school/university/year-4/csc493-implementing-enterprise-design-patterns/valorant-src/app/index.js","statementMap":{"0":{"start":{"line":1,"column":14},"end":{"line":1,"column":32}},"1":{"start":{"line":2,"column":22},"end":{"line":2,"column":48}},"2":{"start":{"line":3,"column":22},"end":{"line":3,"column":40}},"3":{"start":{"line":4,"column":11},"end":{"line":4,"column":26}},"4":{"start":{"line":6,"column":13},"end":{"line":6,"column":41}},"5":{"start":{"line":8,"column":13},"end":{"line":12,"column":2}},"6":{"start":{"line":14,"column":11},"end":{"line":16,"column":1}},"7":{"start":{"line":15,"column":17},"end":{"line":15,"column":31}},"8":{"start":{"line":18,"column":10},"end":{"line":18,"column":19}},"9":{"start":{"line":19,"column":0},"end":{"line":19,"column":16}},"10":{"start":{"line":20,"column":0},"end":{"line":27,"column":2}},"11":{"start":{"line":29,"column":0},"end":{"line":39,"column":5}},"12":{"start":{"line":31,"column":4},"end":{"line":33,"column":5}},"13":{"start":{"line":36,"column":4},"end":{"line":36,"column":49}},"14":{"start":{"line":37,"column":4},"end":{"line":37,"column":25}},"15":{"start":{"line":38,"column":4},"end":{"line":38,"column":20}},"16":{"start":{"line":41,"column":0},"end":{"line":41,"column":21}}},"fnMap":{"0":{"name":"(anonymous_0)","decl":{"start":{"line":15,"column":11},"end":{"line":15,"column":12}},"loc":{"start":{"line":15,"column":17},"end":{"line":15,"column":31}},"line":15},"1":{"name":"(anonymous_1)","decl":{"start":{"line":30,"column":16},"end":{"line":30,"column":17}},"loc":{"start":{"line":31,"column":4},"end":{"line":33,"column":5}},"line":31},"2":{"name":"(anonymous_2)","decl":{"start":{"line":35,"column":15},"end":{"line":35,"column":16}},"loc":{"start":{"line":35,"column":26},"end":{"line":39,"column":3}},"line":35}},"branchMap":{"0":{"loc":{"start":{"line":6,"column":13},"end":{"line":6,"column":41}},"type":"binary-expr","locations":[{"start":{"line":6,"column":13},"end":{"line":6,"column":33}},{"start":{"line":6,"column":37},"end":{"line":6,"column":41}}],"line":6}},"s":{"0":1,"1":1,"2":1,"3":1,"4":1,"5":1,"6":1,"7":0,"8":1,"9":1,"10":1,"11":1,"12":0,"13":0,"14":0,"15":0,"16":1},"f":{"0":0,"1":0,"2":0},"b":{"0":[1,1]},"_coverageSchema":"1a1c01bbd47fc00a2c39e90264f33305004495a9","hash":"6db7c146a195848a0fa29039b672a56e5d3538ef"}
}
